symptom : anxiety 5
symptom : arrhythmias 3
symptom : blindness 1
symptom : blurred vision 5
symptom : constricted pupils 3
symptom : cough 6
symptom : dialated pupils 4
symptom : dizziness 5
symptom : dry mouth 8
symptom : fever 7
symptom : headache 3
symptom : high blood pressure 10
symptom : inflamation 7
symptom : insomnia 4
symptom : low blood pressure 4
symptom : nausea 5
symptom : rapid heart rate 1
symptom : rash 4
symptom : shortness of breath 3
symptom : stiff neck 4
symptom : stomach pain 3
symptom : tremor 4
symptom : water retention 1
