Blindness                : 1
Rapid heart rate         : 1
Water retention          : 1
Constricted pupils       : 3
Shortness of breath      : 3
Arrhythmias              : 3
Headache                 : 3
Stomach pain             : 3
Tremor                   : 4
Stiff neck               : 4
Insomnia                 : 4
Low blood pressure       : 4
Rash                     : 4
Dialated pupils          : 4
Dizziness                : 5
Nausea                   : 5
Anxiety                  : 5
Blurred vision           : 5
Cough                    : 6
Fever                    : 7
Inflamation              : 7
Dry mouth                : 8
High blood pressure      : 10